# JRE version: OpenJDK Runtime Environment 18.9 (11.0.11+9) (build 11.0.11+9)
# Java VM: OpenJDK 64-Bit Server VM 18.9 (11.0.11+9, mixed mode, tiered, compressed oops, g1 gc, windows-amd64)
Heap:
 garbage-first heap   total 262144K, used 74693K [0x0000000740000000, 0x0000000800000000)
  region size 1024K, 3 young (3072K), 1 survivors (1024K)
 Metaspace       used 90893K, capacity 93241K, committed 93480K, reserved 1130496K
  class space    used 11858K, capacity 12927K, committed 13004K, reserved 1048576K
GC Heap History (20 events):
Event: 178.685 GC heap before
{Heap before GC invocations=65 (full 38):
 garbage-first heap   total 262144K, used 133987K [0x0000000740000000, 0x0000000800000000)
  region size 1024K, 60 young (61440K), 1 survivors (1024K)
 Metaspace       used 89262K, capacity 91682K, committed 91816K, reserved 1128448K
  class space    used 11727K, capacity 12795K, committed 12876K, reserved 1048576K
}
Event: 178.686 GC heap after
{Heap after GC invocations=66 (full 38):
 garbage-first heap   total 262144K, used 73339K [0x0000000740000000, 0x0000000800000000)
  region size 1024K, 1 young (1024K), 1 survivors (1024K)
 Metaspace       used 89262K, capacity 91682K, committed 91816K, reserved 1128448K
  class space    used 11727K, capacity 12795K, committed 12876K, reserved 1048576K
}
Event: 181.718 GC heap before
{Heap before GC invocations=66 (full 38):
 garbage-first heap   total 262144K, used 133755K [0x0000000740000000, 0x0000000800000000)
  region size 1024K, 60 young (61440K), 1 survivors (1024K)
 Metaspace       used 89283K, capacity 91682K, committed 91816K, reserved 1128448K
  class space    used 11728K, capacity 12795K, committed 12876K, reserved 1048576K
}
Event: 181.719 GC heap after
{Heap after GC invocations=67 (full 38):
 garbage-first heap   total 262144K, used 73249K [0x0000000740000000, 0x0000000800000000)
  region size 1024K, 1 young (1024K), 1 survivors (1024K)
 Metaspace       used 89283K, capacity 91682K, committed 91816K, reserved 1128448K
  class space    used 11728K, capacity 12795K, committed 12876K, reserved 1048576K
}
Event: 191.251 GC heap before
{Heap before GC invocations=67 (full 38):
 garbage-first heap   total 262144K, used 133665K [0x0000000740000000, 0x0000000800000000)
  region size 1024K, 60 young (61440K), 1 survivors (1024K)
 Metaspace       used 90464K, capacity 92837K, committed 92968K, reserved 1130496K
  class space    used 11846K, capacity 12924K, committed 13004K, reserved 1048576K
}
Event: 191.253 GC heap after
{Heap after GC invocations=68 (full 38):
 garbage-first heap   total 262144K, used 73472K [0x0000000740000000, 0x0000000800000000)
  region size 1024K, 1 young (1024K), 1 survivors (1024K)
 Metaspace       used 90464K, capacity 92837K, committed 92968K, reserved 1130496K
  class space    used 11846K, capacity 12924K, committed 13004K, reserved 1048576K
}
Event: 193.523 GC heap before
{Heap before GC invocations=68 (full 38):
 garbage-first heap   total 262144K, used 133888K [0x0000000740000000, 0x0000000800000000)
  region size 1024K, 60 young (61440K), 1 survivors (1024K)
 Metaspace       used 90515K, capacity 92901K, committed 93224K, reserved 1130496K
  class space    used 11846K, capacity 12924K, committed 13004K, reserved 1048576K
}
Event: 193.525 GC heap after
{Heap after GC invocations=69 (full 38):
 garbage-first heap   total 262144K, used 73558K [0x0000000740000000, 0x0000000800000000)
  region size 1024K, 1 young (1024K), 1 survivors (1024K)
 Metaspace       used 90515K, capacity 92901K, committed 93224K, reserved 1130496K
  class space    used 11846K, capacity 12924K, committed 13004K, reserved 1048576K
}
Event: 197.198 GC heap before
{Heap before GC invocations=69 (full 38):
 garbage-first heap   total 262144K, used 133974K [0x0000000740000000, 0x0000000800000000)
  region size 1024K, 60 young (61440K), 1 survivors (1024K)
 Metaspace       used 90607K, capacity 92974K, committed 93224K, reserved 1130496K
  class space    used 11850K, capacity 12927K, committed 13004K, reserved 1048576K
}
Event: 197.202 GC heap after
{Heap after GC invocations=70 (full 38):
 garbage-first heap   total 262144K, used 73971K [0x0000000740000000, 0x0000000800000000)
  region size 1024K, 2 young (2048K), 2 survivors (2048K)
 Metaspace       used 90607K, capacity 92974K, committed 93224K, reserved 1130496K
  class space    used 11850K, capacity 12927K, committed 13004K, reserved 1048576K
}
Event: 197.954 GC heap before
{Heap before GC invocations=70 (full 38):
 garbage-first heap   total 262144K, used 103667K [0x0000000740000000, 0x0000000800000000)
  region size 1024K, 32 young (32768K), 2 survivors (2048K)
 Metaspace       used 90674K, capacity 93048K, committed 93224K, reserved 1130496K
  class space    used 11850K, capacity 12927K, committed 13004K, reserved 1048576K
}
Event: 198.023 GC heap after
{Heap after GC invocations=71 (full 39):
 garbage-first heap   total 262144K, used 72776K [0x0000000740000000, 0x0000000800000000)
  region size 1024K, 0 young (0K), 0 survivors (0K)
 Metaspace       used 90674K, capacity 93048K, committed 93224K, reserved 1130496K
  class space    used 11850K, capacity 12927K, committed 13004K, reserved 1048576K
}
Event: 200.937 GC heap before
{Heap before GC invocations=71 (full 39):
 garbage-first heap   total 262144K, used 134216K [0x0000000740000000, 0x0000000800000000)
  region size 1024K, 60 young (61440K), 0 survivors (0K)
 Metaspace       used 90759K, capacity 93176K, committed 93480K, reserved 1130496K
  class space    used 11850K, capacity 12927K, committed 13004K, reserved 1048576K
}
Event: 200.940 GC heap after
{Heap after GC invocations=72 (full 39):
 garbage-first heap   total 262144K, used 73366K [0x0000000740000000, 0x0000000800000000)
  region size 1024K, 1 young (1024K), 1 survivors (1024K)
 Metaspace       used 90759K, capacity 93176K, committed 93480K, reserved 1130496K
  class space    used 11850K, capacity 12927K, committed 13004K, reserved 1048576K
}
Event: 203.864 GC heap before
{Heap before GC invocations=72 (full 39):
 garbage-first heap   total 262144K, used 133782K [0x0000000740000000, 0x0000000800000000)
  region size 1024K, 60 young (61440K), 1 survivors (1024K)
 Metaspace       used 90773K, capacity 93176K, committed 93480K, reserved 1130496K
  class space    used 11850K, capacity 12927K, committed 13004K, reserved 1048576K
}
Event: 203.866 GC heap after
{Heap after GC invocations=73 (full 39):
 garbage-first heap   total 262144K, used 73459K [0x0000000740000000, 0x0000000800000000)
  region size 1024K, 1 young (1024K), 1 survivors (1024K)
 Metaspace       used 90773K, capacity 93176K, committed 93480K, reserved 1130496K
  class space    used 11850K, capacity 12927K, committed 13004K, reserved 1048576K
}
Event: 205.466 GC heap before
{Heap before GC invocations=73 (full 39):
 garbage-first heap   total 262144K, used 133875K [0x0000000740000000, 0x0000000800000000)
  region size 1024K, 60 young (61440K), 1 survivors (1024K)
 Metaspace       used 90821K, capacity 93241K, committed 93480K, reserved 1130496K
  class space    used 11850K, capacity 12927K, committed 13004K, reserved 1048576K
}
Event: 205.468 GC heap after
{Heap after GC invocations=74 (full 39):
 garbage-first heap   total 262144K, used 73545K [0x0000000740000000, 0x0000000800000000)
  region size 1024K, 1 young (1024K), 1 survivors (1024K)
 Metaspace       used 90821K, capacity 93241K, committed 93480K, reserved 1130496K
  class space    used 11850K, capacity 12927K, committed 13004K, reserved 1048576K
}
Event: 207.479 GC heap before
{Heap before GC invocations=74 (full 39):
 garbage-first heap   total 262144K, used 133961K [0x0000000740000000, 0x0000000800000000)
  region size 1024K, 60 young (61440K), 1 survivors (1024K)
 Metaspace       used 90890K, capacity 93241K, committed 93480K, reserved 1130496K
  class space    used 11858K, capacity 12927K, committed 13004K, reserved 1048576K
}
Event: 207.483 GC heap after
{Heap after GC invocations=75 (full 39):
 garbage-first heap   total 262144K, used 73669K [0x0000000740000000, 0x0000000800000000)
  region size 1024K, 1 young (1024K), 1 survivors (1024K)
 Metaspace       used 90890K, capacity 93241K, committed 93480K, reserved 1130496K
  class space    used 11858K, capacity 12927K, committed 13004K, reserved 1048576K
}

